<?xml version="1.0" encoding="UTF-8" ?>
<testsuite failures="0" time="91.423" errors="1" skipped="0" tests="1" name="com.gwtplatform.samples.basic.client.SandboxGwtTest">
  <properties>
    <property name="java.runtime.name" value="Java(TM) SE Runtime Environment"/>
    <property name="sun.boot.library.path" value="C:\Program Files\Java\jdk1.7.0_02\jre\bin"/>
    <property name="java.vm.version" value="22.0-b10"/>
    <property name="user.country.format" value="IN"/>
    <property name="org.w3c.css.sac.parser" value="com.steadystate.css.parser.SACParserCSS3"/>
    <property name="java.vm.vendor" value="Oracle Corporation"/>
    <property name="java.vendor.url" value="http://java.oracle.com/"/>
    <property name="path.separator" value=";"/>
    <property name="java.vm.name" value="Java HotSpot(TM) Client VM"/>
    <property name="file.encoding.pkg" value="sun.io"/>
    <property name="user.script" value=""/>
    <property name="user.country" value="US"/>
    <property name="sun.java.launcher" value="SUN_STANDARD"/>
    <property name="sun.os.patch.level" value="Service Pack 1"/>
    <property name="surefire.reports" value="D:\Nitin\Study\IVSEM\GWTP-Samples-master\gwtp-samples\gwtp-sample-basic\target\surefire-reports"/>
    <property name="appengine.sdk.root" value="C:\Users\Nitin\.m2\repository/com/google/appengine/appengine-java-sdk/1.9.17/appengine-java-sdk-1.9.17"/>
    <property name="java.vm.specification.name" value="Java Virtual Machine Specification"/>
    <property name="user.dir" value="D:\Nitin\Study\IVSEM\GWTP-Samples-master\gwtp-samples"/>
    <property name="java.runtime.version" value="1.7.0_02-b13"/>
    <property name="java.awt.graphicsenv" value="sun.awt.Win32GraphicsEnvironment"/>
    <property name="java.endorsed.dirs" value="C:\Program Files\Java\jdk1.7.0_02\jre\lib\endorsed"/>
    <property name="os.arch" value="x86"/>
    <property name="java.io.tmpdir" value="C:\Users\Nitin\AppData\Local\Temp\"/>
    <property name="line.separator" value="
"/>
    <property name="java.vm.specification.vendor" value="Oracle Corporation"/>
    <property name="user.variant" value=""/>
    <property name="os.name" value="Windows 7"/>
    <property name="sun.jnu.encoding" value="Cp1252"/>
    <property name="java.library.path" value="C:\Program Files\Java\jdk1.7.0_02\jre\bin;C:\Windows\Sun\Java\bin;C:\Windows\system32;C:\Windows;C:/Program Files/Java/jre7/bin/client;C:/Program Files/Java/jre7/bin;C:/Program Files/Java/jre7/lib/i386;C:\Program Files\Common Files\Microsoft Shared\Windows Live;C:\Windows\system32;C:\Windows;C:\Windows\System32\Wbem;C:\Windows\System32\WindowsPowerShell\v1.0\;C:\Program Files\WIDCOMM\Bluetooth Software\;C:\Program Files\Intel\Services\IPT\;C:\Program Files\Dell\Dell Data Protection\Access\Advanced\Wave\Gemalto\Access Client\v5\;C:\Program Files\Windows Live\Shared;C:\Program Files\Common Files\Roxio Shared\OEM\DLLShared\;C:\Program Files\Common Files\Roxio Shared\OEM\DLLShared\;C:\Program Files\Common Files\Roxio Shared\OEM\12.0\DLLShared\;C:\Program Files\Roxio\OEM\AudioCore\;C:\Program Files\NTRU Cryptosystems\NTRU TCG Software Stack\bin\;C:\Program Files\Java\jdk1.7.0_02\bin;C:\Program Files\QuickTime\QTSystem\;D:\Software\apache-maven-3.0.4\bin;C:\MinGW\bin\;C:\Program Files\Git\cmd;C:\Program Files\Git\bin;C:\Program Files\Intel\WiFi\bin\;C:\Program Files\Common Files\Intel\WirelessCommon\;C:\Program Files\Intel\OpenCL SDK\2.0\bin\x86;C:\Program Files\Java\jdk1.7.0_02\bin;C:\Program Files\Intel\WiFi\bin\;C:\Program Files\Common Files\Intel\WirelessCommon\;D:\Software\apache-maven-3.0.4\bin;D:\Software\eclipse-java-luna-SR1a-win32\eclipse;;."/>
    <property name="gwt.args" value="-war D:\Nitin\Study\IVSEM\GWTP-Samples-master\gwtp-samples\gwtp-sample-basic\target/www-test -logLevel INFO -devMode -nocheckAssertions -XclusterFunctions -XcheckCasts -XclassMetadata -XcodeSplitting -nodraftCompile -XinlineLiteralParameters -XoptimizeDataflow -XordinalizeEnums -XremoveDuplicateFunctions -noshowUi -sourceLevel auto -testBeginTimeout 1 -testMethodTimeout 5 -Xtries 1 -noincremental -precompile simple -runStyle HtmlUnit:FF17"/>
    <property name="java.specification.name" value="Java Platform API Specification"/>
    <property name="java.class.version" value="51.0"/>
    <property name="sun.management.compiler" value="HotSpot Client Compiler"/>
    <property name="os.version" value="6.1"/>
    <property name="user.home" value="C:\Users\Nitin"/>
    <property name="user.timezone" value="Asia/Calcutta"/>
    <property name="java.awt.printerjob" value="sun.awt.windows.WPrinterJob"/>
    <property name="java.specification.version" value="1.7"/>
    <property name="file.encoding" value="Cp1252"/>
    <property name="user.name" value="Nitin"/>
    <property name="java.class.path" value="D:\Nitin\Study\IVSEM\GWTP-Samples-master\gwtp-samples\gwtp-sample-basic\target\gwtp-sample-basic-1.1-SNAPSHOT\WEB-INF\classes;D:\Nitin\Study\IVSEM\GWTP-Samples-master\gwtp-samples\gwtp-sample-basic\src\main\java;D:\Nitin\Study\IVSEM\GWTP-Samples-master\gwtp-samples\gwtp-sample-basic\src\test\java;D:\Nitin\Study\IVSEM\GWTP-Samples-master\gwtp-samples\gwtp-sample-basic\src\test\resources;D:\Nitin\Study\IVSEM\GWTP-Samples-master\gwtp-samples\gwtp-sample-basic\target\test-classes;C:\Users\Nitin\.m2\repository\com\gwtplatform\gwtp-mvp-client\1.5-SNAPSHOT\gwtp-mvp-client-1.5-SNAPSHOT.jar;C:\Users\Nitin\.m2\repository\com\gwtplatform\gwtp-clients-common\1.5-SNAPSHOT\gwtp-clients-common-1.5-SNAPSHOT.jar;C:\Users\Nitin\.m2\repository\com\gwtplatform\gwtp-mvp-shared\1.5-SNAPSHOT\gwtp-mvp-shared-1.5-SNAPSHOT.jar;C:\Users\Nitin\.m2\repository\com\google\gwt\gwt-dev\2.7.0\gwt-dev-2.7.0.jar;C:\Users\Nitin\.m2\repository\org\ow2\asm\asm\5.0.3\asm-5.0.3.jar;C:\Users\Nitin\.m2\repository\org\ow2\asm\asm-util\5.0.3\asm-util-5.0.3.jar;C:\Users\Nitin\.m2\repository\org\ow2\asm\asm-tree\5.0.3\asm-tree-5.0.3.jar;C:\Users\Nitin\.m2\repository\org\ow2\asm\asm-commons\5.0.3\asm-commons-5.0.3.jar;C:\Users\Nitin\.m2\repository\org\apache\velocity\velocity\1.7\velocity-1.7.jar;C:\Users\Nitin\.m2\repository\commons-collections\commons-collections\3.2.1\commons-collections-3.2.1.jar;C:\Users\Nitin\.m2\repository\commons-lang\commons-lang\2.4\commons-lang-2.4.jar;C:\Users\Nitin\.m2\repository\com\gwtplatform\gwtp-dispatch-rpc-client\1.5-SNAPSHOT\gwtp-dispatch-rpc-client-1.5-SNAPSHOT.jar;C:\Users\Nitin\.m2\repository\com\gwtplatform\gwtp-dispatch-common-client\1.5-SNAPSHOT\gwtp-dispatch-common-client-1.5-SNAPSHOT.jar;C:\Users\Nitin\.m2\repository\com\gwtplatform\gwtp-dispatch-common-shared\1.5-SNAPSHOT\gwtp-dispatch-common-shared-1.5-SNAPSHOT.jar;C:\Users\Nitin\.m2\repository\com\gwtplatform\gwtp-dispatch-rpc-shared\1.5-SNAPSHOT\gwtp-dispatch-rpc-shared-1.5-SNAPSHOT.jar;C:\Users\Nitin\.m2\repository\com\google\inject\guice\3.0\guice-3.0.jar;C:\Users\Nitin\.m2\repository\javax\inject\javax.inject\1\javax.inject-1.jar;C:\Users\Nitin\.m2\repository\aopalliance\aopalliance\1.0\aopalliance-1.0.jar;C:\Users\Nitin\.m2\repository\com\gwtplatform\gwtp-dispatch-rpc-server-guice\1.5-SNAPSHOT\gwtp-dispatch-rpc-server-guice-1.5-SNAPSHOT.jar;C:\Users\Nitin\.m2\repository\com\gwtplatform\gwtp-dispatch-rpc-server\1.5-SNAPSHOT\gwtp-dispatch-rpc-server-1.5-SNAPSHOT.jar;C:\Users\Nitin\.m2\repository\com\google\gwt\gwt-user\2.7.0\gwt-user-2.7.0.jar;C:\Users\Nitin\.m2\repository\javax\validation\validation-api\1.0.0.GA\validation-api-1.0.0.GA.jar;C:\Users\Nitin\.m2\repository\javax\validation\validation-api\1.0.0.GA\validation-api-1.0.0.GA-sources.jar;C:\Users\Nitin\.m2\repository\com\google\gwt\gwt-servlet\2.7.0\gwt-servlet-2.7.0.jar;C:\Users\Nitin\.m2\repository\com\google\appengine\appengine-api-1.0-sdk\1.9.17\appengine-api-1.0-sdk-1.9.17.jar;C:\Users\Nitin\.m2\repository\com\google\inject\extensions\guice-servlet\3.0\guice-servlet-3.0.jar;C:\Users\Nitin\.m2\repository\com\google\inject\extensions\guice-assistedinject\3.0\guice-assistedinject-3.0.jar;C:\Users\Nitin\.m2\repository\com\google\gwt\inject\gin\2.1.2\gin-2.1.2.jar;C:\Users\Nitin\.m2\repository\junit\junit\4.11\junit-4.11.jar;C:\Users\Nitin\.m2\repository\org\hamcrest\hamcrest-core\1.3\hamcrest-core-1.3.jar;C:\Users\Nitin\.m2\repository\org\jukito\jukito\1.4\jukito-1.4.jar;C:\Users\Nitin\.m2\repository\org\mockito\mockito-core\1.9.5\mockito-core-1.9.5.jar;C:\Users\Nitin\.m2\repository\org\objenesis\objenesis\1.0\objenesis-1.0.jar;C:\Users\Nitin\.m2\repository\com\google\gwt\gwt-user\2.7.0\gwt-user-2.7.0.jar;C:\Users\Nitin\.m2\repository\javax\validation\validation-api\1.0.0.GA\validation-api-1.0.0.GA.jar;C:\Users\Nitin\.m2\repository\javax\validation\validation-api\1.0.0.GA\validation-api-1.0.0.GA-sources.jar;C:\Users\Nitin\.m2\repository\com\google\gwt\gwt-dev\2.7.0\gwt-dev-2.7.0.jar;C:\Users\Nitin\.m2\repository\org\ow2\asm\asm\5.0.3\asm-5.0.3.jar;C:\Users\Nitin\.m2\repository\org\ow2\asm\asm-util\5.0.3\asm-util-5.0.3.jar;C:\Users\Nitin\.m2\repository\org\ow2\asm\asm-tree\5.0.3\asm-tree-5.0.3.jar;C:\Users\Nitin\.m2\repository\org\ow2\asm\asm-commons\5.0.3\asm-commons-5.0.3.jar;C:\Users\Nitin\.m2\repository\org\codehaus\mojo\gwt-maven-plugin\2.7.0\gwt-maven-plugin-2.7.0.jar;C:\Users\Nitin\.m2\repository\org\apache\maven\surefire\surefire-api\2.4.3\surefire-api-2.4.3.jar"/>
    <property name="build.compiler" value="com.google.gwt.dev.shell.jetty.JettyLauncher$JDTCompiler16"/>
    <property name="java.vm.specification.version" value="1.7"/>
    <property name="sun.arch.data.model" value="32"/>
    <property name="java.home" value="C:\Program Files\Java\jdk1.7.0_02\jre"/>
    <property name="sun.java.command" value="org.codehaus.mojo.gwt.test.MavenTestRunner com.gwtplatform.samples.basic.client.SandboxGwtTest"/>
    <property name="java.specification.vendor" value="Oracle Corporation"/>
    <property name="user.language" value="en"/>
    <property name="awt.toolkit" value="sun.awt.windows.WToolkit"/>
    <property name="java.vm.info" value="mixed mode, sharing"/>
    <property name="org.eclipse.jetty.xml.XmlParser.Validating" value="false"/>
    <property name="java.version" value="1.7.0_02"/>
    <property name="java.ext.dirs" value="C:\Program Files\Java\jdk1.7.0_02\jre\lib\ext;C:\Windows\Sun\Java\lib\ext"/>
    <property name="sun.boot.class.path" value="C:\Program Files\Java\jdk1.7.0_02\jre\lib\resources.jar;C:\Program Files\Java\jdk1.7.0_02\jre\lib\rt.jar;C:\Program Files\Java\jdk1.7.0_02\jre\lib\sunrsasign.jar;C:\Program Files\Java\jdk1.7.0_02\jre\lib\jsse.jar;C:\Program Files\Java\jdk1.7.0_02\jre\lib\jce.jar;C:\Program Files\Java\jdk1.7.0_02\jre\lib\charsets.jar;C:\Program Files\Java\jdk1.7.0_02\jre\classes"/>
    <property name="java.vendor" value="Oracle Corporation"/>
    <property name="file.separator" value="\"/>
    <property name="java.vendor.url.bug" value="http://bugreport.sun.com/bugreport/"/>
    <property name="sun.cpu.endian" value="little"/>
    <property name="sun.io.unicode.encoding" value="UnicodeLittle"/>
    <property name="sun.desktop" value="windows"/>
    <property name="sun.cpu.isalist" value="pentium_pro+mmx pentium_pro pentium+mmx pentium i486 i386 i86"/>
  </properties>
  <testcase time="91.374" classname="com.gwtplatform.samples.basic.client.SandboxGwtTest" name="testSandbox">
    <error message="The browser did not contact the server within 60000ms.
 - 1 client(s) haven&apos;t responded back to JUnitShell since the start of the test.
 Actual time elapsed: 60.066 seconds.
Try increasing this timeout using the &apos;-testBeginTimeout minutes&apos; option
The default value of minutes is 1, i.e., the server waits 1 minute or 60 seconds.
" type="com.google.gwt.junit.client.TimeoutException">com.google.gwt.junit.client.TimeoutException: The browser did not contact the server within 60000ms.
 - 1 client(s) haven&apos;t responded back to JUnitShell since the start of the test.
 Actual time elapsed: 60.066 seconds.
Try increasing this timeout using the &apos;-testBeginTimeout minutes&apos; option
The default value of minutes is 1, i.e., the server waits 1 minute or 60 seconds.

	at com.google.gwt.junit.JUnitShell.notDone(JUnitShell.java:1042)
	at com.google.gwt.junit.JUnitShell.runTestImpl(JUnitShell.java:1364)
	at com.google.gwt.junit.JUnitShell.runTestImpl(JUnitShell.java:1284)
	at com.google.gwt.junit.JUnitShell.runTest(JUnitShell.java:678)
	at com.google.gwt.junit.client.GWTTestCase.runTest(GWTTestCase.java:421)
	at junit.framework.TestCase.runBare(TestCase.java:141)
	at junit.framework.TestResult$1.protect(TestResult.java:122)
	at junit.framework.TestResult.runProtected(TestResult.java:142)
	at junit.framework.TestResult.run(TestResult.java:125)
	at junit.framework.TestCase.run(TestCase.java:129)
	at com.google.gwt.junit.client.GWTTestCase.run(GWTTestCase.java:247)
	at junit.framework.TestSuite.runTest(TestSuite.java:255)
	at junit.framework.TestSuite.run(TestSuite.java:250)
	at org.codehaus.mojo.gwt.test.MavenTestRunner.doRun(MavenTestRunner.java:105)
	at junit.textui.TestRunner.start(TestRunner.java:183)
	at org.codehaus.mojo.gwt.test.MavenTestRunner.main(MavenTestRunner.java:63)
</error>
    <system-out>Ignored 1 unit with compilation errors in first pass.
Compile with -strict or with -logLevel set to TRACE or DEBUG to see all errors.
Starting http://192.168.0.102:60540/com.gwtplatform.samples.basic.Gwtpsample.JUnit/junit.html?gwt.codesvr=192.168.0.102:60538 on browser FF17
200 - GET /com.gwtplatform.samples.basic.Gwtpsample.JUnit/junit.html?gwt.codesvr=192.168.0.102:60538 (192.168.0.102) 2064 bytes
200 - GET /com.gwtplatform.samples.basic.Gwtpsample.JUnit/com.gwtplatform.samples.basic.Gwtpsample.JUnit.nocache.js (192.168.0.102) 8907 bytes
200 - GET /com.gwtplatform.samples.basic.Gwtpsample.JUnit/com.gwtplatform.samples.basic.Gwtpsample.JUnit.devmode.js (192.168.0.102) 15081 bytes
200 - GET /com.gwtplatform.samples.basic.Gwtpsample.JUnit/gwt/standard/standard.css (192.168.0.102) 22259 bytes
Ignored 1 unit with compilation errors in first pass.
Compile with -strict or with -logLevel set to TRACE or DEBUG to see all errors.
Module com.gwtplatform.samples.basic.Gwtpsample.JUnit has been loaded
</system-out>
  </testcase>
</testsuite>